rm -f *.o *.gcda *.gcno 
rm -f *~ *# .#*
rm -f menuTest testHeaders
g++ -c -Wall -std=c++11 -g -lcppunit -ldl  testMenu.cpp
g++ -c -Wall -std=c++11 -g -lcppunit -ldl  Menu.cpp
g++ -c -Wall -std=c++11 -g -lcppunit -ldl  MainMenu.cpp
g++ -c -Wall -std=c++11 -g -lcppunit -ldl  ExploreMenu.cpp
g++ -c -Wall -std=c++11 -g -lcppunit -ldl  FightMenu.cpp
g++ -c -Wall -std=c++11 -g -lcppunit -ldl  TradeMenu.cpp
g++ -c -Wall -std=c++11 -g -lcppunit -ldl  DialogueMenu.cpp
g++ -c -Wall -std=c++11 -g -lcppunit -ldl  CharacterMenu.cpp
g++ -c -Wall -std=c++11 -g -lcppunit -ldl  HanoiMenu.cpp
g++ -c -Wall -std=c++11 -g -lcppunit -ldl  MemoryMenu.cpp
g++ -c -Wall -std=c++11 -g -lcppunit -ldl  RiddleMenu.cpp
g++ -c -Wall -std=c++11 -g -lcppunit -ldl  TicTacToeMenu.cpp
g++ -c -Wall -std=c++11 -g -lcppunit -ldl  ConnectFourMenu.cpp
g++ -Wall -std=c++11 -g -lcppunit -ldl  testMenu.o Menu.o MainMenu.o ExploreMenu.o FightMenu.o TradeMenu.o DialogueMenu.o CharacterMenu.o HanoiMenu.o MemoryMenu.o RiddleMenu.o TicTacToeMenu.o ConnectFourMenu.o ../Screen/Screen.o -o menuTest
g++ -c -Wall -std=c++11 -g -lcppunit -ldl  RunTest.cpp
g++ -c -Wall -std=c++11 -g -lcppunit -ldl  MenuTest.cpp
g++ -Wall -std=c++11 -g -lcppunit -ldl  RunTest.o Menu.o MainMenu.o ExploreMenu.o FightMenu.o TradeMenu.o DialogueMenu.o CharacterMenu.o HanoiMenu.o MemoryMenu.o RiddleMenu.o TicTacToeMenu.o ConnectFourMenu.o ../Screen/Screen.o MenuTest.o -o testHeaders
..+===================================================================================================+
|                                                                                                   |
|                                                                                                   |
|  [1]tester 1                                                                                      |
|                                                                                                   |
|                                                                                                   |
|                                                                                                   |
|                                                                                                   |
|                                                                                                   |
+===================================================================================================+
+==================================================================================================+
|                                                                                                  |
|                                                                                                  |
|  [2]tester 2                                                                                     |
|                                                                                                  |
|                                                                                                  |
|                                                                                                  |
|                                                                                                  |
|                                                                                                  |
|                                                                                                  |
|                                                                                                  |
|                                                                                                  |
|                                                                                                  |
|                                                                                                  |
|                                                                                                  |
|                                                                                                  |
|                                                                                                  |
|                                                                                                  |
|                                                                                                  |
|                                                                                                  |
|                                                                                                  |
|                                                                                                  |
|                                                                                                  |
|                                                                                                  |
|                                                                                                  |
|                                                                                                  |
|                                                                                                  |
|                                                                                                  |
|                                                                                                  |
|                                                                                                  |
|                                                                                                  |
|                                                                                                  |
|                                                                                                  |
|                                                                                                  |
|                                                                                                  |
|                                                                                                  |
|                                                                                                  |
|                                                                                                  |
|                                                                                                  |
|                                                                                                  |
|                                                                                                  |
|                                                                                                  |
|                                                                                                  |
|                                                                                                  |
|                                                                                                  |
|                                                                                                  |
|                                                                                                  |
|                                                                                                  |
|                                                                                                  |
|                                                                                                  |
|                                                                                                  |
|                                                                                                  |
|                                                                                                  |
|                                                                                                  |
|                                                                                                  |
|                                                                                                  |
|                                                                                                  |
|                                                                                                  |
|                                                                                                  |
|                                                                                                  |
|                                                                                                  |
|                                                                                                  |
|                                                                                                  |
|                                                                                                  |
|                                                                                                  |
|                                                                                                  |
|                                                                                                  |
|                                                                                                  |
|                                                                                                  |
|                                                                                                  |
|                                                                                                  |
|                                                                                                  |
|                                                                                                  |
|                                                                                                  |
|                                                                                                  |
|                                                                                                  |
|                                                                                                  |
|                                                                                                  |
|                                                                                                  |
|                                                                                                  |
|                                                                                                  |
|                                                                                                  |
|                                                                                                  |
|                                                                                                  |
|                                                                                                  |
|                                                                                                  |
|                                                                                                  |
|                                                                                                  |
|                                                                                                  |
|                                                                                                  |
|                                                                                                  |
|                                                                                                  |
|                                                                                                  |
|                                                                                                  |
|                                                                                                  |
|                                                                                                  |
|                                                                                                  |
|                                                                                                  |
|                                                                                                  |
+==================================================================================================+
+===================================================================================================+
|                                                                                                   |
|           [3]tester 3                                                                             |
|                                                                                                   |
|                                                                                                   |
|                                                                                                   |
|                                                                                                   |
|                                                                                                   |
|                                                                                                   |
+===================================================================================================+
+===================================================================================================+
|                                                                                                   |
|           [4]tester 4                                                                             |
|                                                                                                   |
|                                                                                                   |
|                                                                                                   |
|                                                                                                   |
|                                                                                                   |
|                                                                                                   |
+===================================================================================================+
+===================================================================================================+
|                                |                                |                                 |
|                                |                                |                                 |
|           [5]tester 5          |                                |                                 |
|                                |                                |                                 |
|                                |                                |                                 |
|                                |                                |                                 |
|                                |                                |                                 |
|                                |                                |                                 |
+===================================================================================================+
+===================================================================================================+
|                                                                                                   |
|                                                                                                   |
|                                                                                                   |
|                               Select a column to place your piece                                 |
|                                                                                                   |
|                                                                                                   |
|                                                                                                   |
|                                                                                                   |
+===================================================================================================+
+===================================================================================================+
|                                                                                                   |
|                                                                                                   |
|                                                                                                   |
|                                   Enter coordinates (e.g. A1)                                     |
|                                                                                                   |
|                                                                                                   |
|                                                                                                   |
|                                                                                                   |
+===================================================================================================+
+===================================================================================================+
|                                                                                                   |
|                                                                                                   |
|                   [8]tester 8                                                                     |
|                                                                                                   |
|                                                                                                   |
|                                                                                                   |
|                                                                                                   |
|                                                                                                   |
+===================================================================================================+
+===================================================================================================+
|                                                                                                   |
|                                                                                                   |
|                                                                                                   |
|                                                                                                   |
|                                                                                                   |
|                                                                                                   |
|                                                                                                   |
|                                                                                                   |
+===================================================================================================+
.+===================================================================================================+
|                                                                                                   |
|                                                                                                   |
|  [1]tester 1                                                                                      |
|                                                                                                   |
|                                                                                                   |
|                                                                                                   |
|                                                                                                   |
|                                                                                                   |
+===================================================================================================+
+==================================================================================================+
|                                                                                                  |
|                                                                                                  |
|  [2]tester 2                                                                                     |
|                                                                                                  |
|                                                                                                  |
|                                                                                                  |
|                                                                                                  |
|                                                                                                  |
|                                                                                                  |
|                                                                                                  |
|                                                                                                  |
|                                                                                                  |
|                                                                                                  |
|                                                                                                  |
|                                                                                                  |
|                                                                                                  |
|                                                                                                  |
|                                                                                                  |
|                                                                                                  |
|                                                                                                  |
|                                                                                                  |
|                                                                                                  |
|                                                                                                  |
|                                                                                                  |
|                                                                                                  |
|                                                                                                  |
|                                                                                                  |
|                                                                                                  |
|                                                                                                  |
|                                                                                                  |
|                                                                                                  |
|                                                                                                  |
|                                                                                                  |
|                                                                                                  |
|                                                                                                  |
|                                                                                                  |
|                                                                                                  |
|                                                                                                  |
|                                                                                                  |
|                                                                                                  |
|                                                                                                  |
|                                                                                                  |
|                                                                                                  |
|                                                                                                  |
|                                                                                                  |
|                                                                                                  |
|                                                                                                  |
|                                                                                                  |
|                                                                                                  |
|                                                                                                  |
|                                                                                                  |
|                                                                                                  |
|                                                                                                  |
|                                                                                                  |
|                                                                                                  |
|                                                                                                  |
|                                                                                                  |
|                                                                                                  |
|                                                                                                  |
|                                                                                                  |
|                                                                                                  |
|                                                                                                  |
|                                                                                                  |
|                                                                                                  |
|                                                                                                  |
|                                                                                                  |
|                                                                                                  |
|                                                                                                  |
|                                                                                                  |
|                                                                                                  |
|                                                                                                  |
|                                                                                                  |
|                                                                                                  |
|                                                                                                  |
|                                                                                                  |
|                                                                                                  |
|                                                                                                  |
|                                                                                                  |
|                                                                                                  |
|                                                                                                  |
|                                                                                                  |
|                                                                                                  |
|                                                                                                  |
|                                                                                                  |
|                                                                                                  |
|                                                                                                  |
|                                                                                                  |
|                                                                                                  |
|                                                                                                  |
|                                                                                                  |
|                                                                                                  |
|                                                                                                  |
|                                                                                                  |
|                                                                                                  |
|                                                                                                  |
|                                                                                                  |
|                                                                                                  |
|                                                                                                  |
+==================================================================================================+
+===================================================================================================+
|                                                                                                   |
|           [3]tester 3                                                                             |
|                                                                                                   |
|                                                                                                   |
|                                                                                                   |
|                                                                                                   |
|                                                                                                   |
|                                                                                                   |
+===================================================================================================+
+===================================================================================================+
|                                                                                                   |
|           [4]tester 4                                                                             |
|                                                                                                   |
|                                                                                                   |
|                                                                                                   |
|                                                                                                   |
|                                                                                                   |
|                                                                                                   |
+===================================================================================================+
+===================================================================================================+
|                                |                                |                                 |
|                                |                                |                                 |
|           [5]tester 5          |                                |                                 |
|                                |                                |                                 |
|                                |                                |                                 |
|                                |                                |                                 |
|                                |                                |                                 |
|                                |                                |                                 |
+===================================================================================================+
+===================================================================================================+
|                                                                                                   |
|                                                                                                   |
|                                                                                                   |
|                               Select a column to place your piece                                 |
|                                                                                                   |
|                                                                                                   |
|                                                                                                   |
|                                                                                                   |
+===================================================================================================+
+===================================================================================================+
|                                                                                                   |
|                                                                                                   |
|                                                                                                   |
|                                   Enter coordinates (e.g. A1)                                     |
|                                                                                                   |
|                                                                                                   |
|                                                                                                   |
|                                                                                                   |
+===================================================================================================+
+===================================================================================================+
|                                                                                                   |
|                                                                                                   |
|                   [8]tester 8                                                                     |
|                                                                                                   |
|                                                                                                   |
|                                                                                                   |
|                                                                                                   |
|                                                                                                   |
+===================================================================================================+
+===================================================================================================+
|                                                                                                   |
|                                                                                                   |
|                                                                                                   |
|                                                                                                   |
|                                                                                                   |
|                                                                                                   |
|                                                                                                   |
|                                                                                                   |
+===================================================================================================+



OK (3 tests)


rm -f *.o *.gcda *.gcno 
rm -f *~ *# .#*
rm -f explore
g++ -c -Wall -std=c++11 -g  testExplore.cpp
g++ -c -Wall -std=c++11 -g  ExploreState.cpp
g++ -c -Wall -std=c++11 -g  ../Cutscene/Cutscene.cpp
g++ -c -Wall -std=c++11 -g  PuzzleState.cpp
g++ -c -Wall -std=c++11 -g  MainState.cpp
g++ -c -Wall -std=c++11 -g  FightState.cpp
g++ -c -Wall -std=c++11 -g  TradeState.cpp
g++ -c -Wall -std=c++11 -g  ../Character/Player.cpp
g++ -c -Wall -std=c++11 -g  InventoryState.cpp
