rm -f *.o *.gcda *.gcno 
rm -f *~ *# .#*
rm -f menuTest testHeaders
g++ -c -Wall -std=c++11 -g -lcppunit -ldl  testMenu.cpp
g++ -c -Wall -std=c++11 -g -lcppunit -ldl  Menu.cpp
g++ -c -Wall -std=c++11 -g -lcppunit -ldl  MainMenu.cpp
g++ -c -Wall -std=c++11 -g -lcppunit -ldl  ExploreMenu.cpp
g++ -c -Wall -std=c++11 -g -lcppunit -ldl  FightMenu.cpp
g++ -c -Wall -std=c++11 -g -lcppunit -ldl  TradeMenu.cpp
g++ -c -Wall -std=c++11 -g -lcppunit -ldl  DialogueMenu.cpp
g++ -c -Wall -std=c++11 -g -lcppunit -ldl  CharacterMenu.cpp
g++ -c -Wall -std=c++11 -g -lcppunit -ldl  HanoiMenu.cpp
g++ -c -Wall -std=c++11 -g -lcppunit -ldl  MemoryMenu.cpp
g++ -c -Wall -std=c++11 -g -lcppunit -ldl  RiddleMenu.cpp
g++ -c -Wall -std=c++11 -g -lcppunit -ldl  TicTacToeMenu.cpp
g++ -c -Wall -std=c++11 -g -lcppunit -ldl  ConnectFourMenu.cpp
g++ -Wall -std=c++11 -g -lcppunit -ldl  testMenu.o Menu.o MainMenu.o ExploreMenu.o FightMenu.o TradeMenu.o DialogueMenu.o CharacterMenu.o HanoiMenu.o MemoryMenu.o RiddleMenu.o TicTacToeMenu.o ConnectFourMenu.o ../Screen/Screen.o -o menuTest
g++ -c -Wall -std=c++11 -g -lcppunit -ldl  RunTest.cpp
g++ -c -Wall -std=c++11 -g -lcppunit -ldl  MenuTest.cpp
g++ -Wall -std=c++11 -g -lcppunit -ldl  RunTest.o Menu.o MainMenu.o ExploreMenu.o FightMenu.o TradeMenu.o DialogueMenu.o CharacterMenu.o HanoiMenu.o MemoryMenu.o RiddleMenu.o TicTacToeMenu.o ConnectFourMenu.o ../Screen/Screen.o MenuTest.o -o testHeaders
..+===================================================================================================+
|                                                                                                   |
|                                                                                                   |
|  [1]tester 1                                                                                      |
|                                                                                                   |
|                                                                                                   |
|                                                                                                   |
|                                                                                                   |
|                                                                                                   |
+===================================================================================================+
+==================================================================================================+
|                                                                                                  |
|                                                                                                  |
|  [2]tester 2                                                                                     |
|                                                                                                  |
|                                                                                                  |
|                                                                                                  |
|                                                                                                  |
|                                                                                                  |
|                                                                                                  |
|                                                                                                  |
|                                                                                                  |
|                                                                                                  |
|                                                                                                  |
|                                                                                                  |
|                                                                                                  |
|                                                                                                  |
|                                                                                                  |
|                                                                                                  |
|                                                                                                  |
|                                                                                                  |
|                                                                                                  |
|                                                                                                  |
|                                                                                                  |
|                                                                                                  |
|                                                                                                  |
|                                                                                                  |
|                                                                                                  |
|                                                                                                  |
|                                                                                                  |
|                                                                                                  |
|                                                                                                  |
|                                                                                                  |
|                                                                                                  |
|                                                                                                  |
|                                                                                                  |
|                                                                                                  |
|                                                                                                  |
|                                                                                                  |
|                                                                                                  |
|                                                                                                  |
|                                                                                                  |
|                                                                                                  |
|                                                                                                  |
|                                                                                                  |
|                                                                                                  |
|                                                                                                  |
|                                                                                                  |
|                                                                                                  |
|                                                                                                  |
|                                                                                                  |
|                                                                                                  |
|                                                                                                  |
|                                                                                                  |
|                                                                                                  |
|                                                                                                  |
|                                                                                                  |
|                                                                                                  |
|                                                                                                  |
|                                                                                                  |
|                                                                                                  |
|                                                                                                  |
|                                                                                                  |
|                                                                                                  |
|                                                                                                  |
|                                                                                                  |
|                                                                                                  |
|                                                                                                  |
|                                                                                                  |
|                                                                                                  |
|                                                                                                  |
|                                                                                                  |
|                                                                                                  |
|                                                                                                  |
|                                                                                                  |
|                                                                                                  |
|                                                                                                  |
|                                                                                                  |
|                                                                                                  |
|                                                                                                  |
|                                                                                                  |
|                                                                                                  |
|                                                                                                  |
|                                                                                                  |
|                                                                                                  |
|                                                                                                  |
|                                                                                                  |
|                                                                                                  |
|                                                                                                  |
|                                                                                                  |
|                                                                                                  |
|                                                                                                  |
|                                                                                                  |
|                                                                                                  |
|                                                                                                  |
|                                                                                                  |
|                                                                                                  |
|                                                                                                  |
|                                                                                                  |
+==================================================================================================+
+===================================================================================================+
|                                                                                                   |
|           [3]tester 3                                                                             |
|                                                                                                   |
|                                                                                                   |
|                                                                                                   |
|                                                                                                   |
|                                                                                                   |
|                                                                                                   |
+===================================================================================================+
+===================================================================================================+
|                                                                                                   |
|           [4]tester 4                                                                             |
|                                                                                                   |
|                                                                                                   |
|                                                                                                   |
|                                                                                                   |
|                                                                                                   |
|                                                                                                   |
+===================================================================================================+
+===================================================================================================+
|                                |                                |                                 |
|                                |                                |                                 |
|           [5]tester 5          |                                |                                 |
|                                |                                |                                 |
|                                |                                |                                 |
|                                |                                |                                 |
|                                |                                |                                 |
|                                |                                |                                 |
+===================================================================================================+
+===================================================================================================+
|                                                                                                   |
|                                                                                                   |
|                                                                                                   |
|                               Select a column to place your piece                                 |
|                                                                                                   |
|                                                                                                   |
|                                                                                                   |
|                                                                                                   |
+===================================================================================================+
+===================================================================================================+
|                                                                                                   |
|                                                                                                   |
|                                                                                                   |
|                                   Enter coordinates (e.g. A1)                                     |
|                                                                                                   |
|                                                                                                   |
|                                                                                                   |
|                                                                                                   |
+===================================================================================================+
+===================================================================================================+
|                                                                                                   |
|                                                                                                   |
|                   [8]tester 8                                                                     |
|                                                                                                   |
|                                                                                                   |
|                                                                                                   |
|                                                                                                   |
|                                                                                                   |
+===================================================================================================+
+===================================================================================================+
|                                                                                                   |
|                                                                                                   |
|                                                                                                   |
|                                                                                                   |
|                                                                                                   |
|                                                                                                   |
|                                                                                                   |
|                                                                                                   |
+===================================================================================================+
.+===================================================================================================+
|                                                                                                   |
|                                                                                                   |
|  [1]tester 1                                                                                      |
|                                                                                                   |
|                                                                                                   |
|                                                                                                   |
|                                                                                                   |
|                                                                                                   |
+===================================================================================================+
+==================================================================================================+
|                                                                                                  |
|                                                                                                  |
|  [2]tester 2                                                                                     |
|                                                                                                  |
|                                                                                                  |
|                                                                                                  |
|                                                                                                  |
|                                                                                                  |
|                                                                                                  |
|                                                                                                  |
|                                                                                                  |
|                                                                                                  |
|                                                                                                  |
|                                                                                                  |
|                                                                                                  |
|                                                                                                  |
|                                                                                                  |
|                                                                                                  |
|                                                                                                  |
|                                                                                                  |
|                                                                                                  |
|                                                                                                  |
|                                                                                                  |
|                                                                                                  |
|                                                                                                  |
|                                                                                                  |
|                                                                                                  |
|                                                                                                  |
|                                                                                                  |
|                                                                                                  |
|                                                                                                  |
|                                                                                                  |
|                                                                                                  |
|                                                                                                  |
|                                                                                                  |
|                                                                                                  |
|                                                                                                  |
|                                                                                                  |
|                                                                                                  |
|                                                                                                  |
|                                                                                                  |
|                                                                                                  |
|                                                                                                  |
|                                                                                                  |
|                                                                                                  |
|                                                                                                  |
|                                                                                                  |
|                                                                                                  |
|                                                                                                  |
|                                                                                                  |
|                                                                                                  |
|                                                                                                  |
|                                                                                                  |
|                                                                                                  |
|                                                                                                  |
|                                                                                                  |
|                                                                                                  |
|                                                                                                  |
|                                                                                                  |
|                                                                                                  |
|                                                                                                  |
|                                                                                                  |
|                                                                                                  |
|                                                                                                  |
|                                                                                                  |
|                                                                                                  |
|                                                                                                  |
|                                                                                                  |
|                                                                                                  |
|                                                                                                  |
|                                                                                                  |
|                                                                                                  |
|                                                                                                  |
|                                                                                                  |
|                                                                                                  |
|                                                                                                  |
|                                                                                                  |
|                                                                                                  |
|                                                                                                  |
|                                                                                                  |
|                                                                                                  |
|                                                                                                  |
|                                                                                                  |
|                                                                                                  |
|                                                                                                  |
|                                                                                                  |
|                                                                                                  |
|                                                                                                  |
|                                                                                                  |
|                                                                                                  |
|                                                                                                  |
|                                                                                                  |
|                                                                                                  |
|                                                                                                  |
|                                                                                                  |
|                                                                                                  |
|                                                                                                  |
|                                                                                                  |
+==================================================================================================+
+===================================================================================================+
|                                                                                                   |
|           [3]tester 3                                                                             |
|                                                                                                   |
|                                                                                                   |
|                                                                                                   |
|                                                                                                   |
|                                                                                                   |
|                                                                                                   |
+===================================================================================================+
+===================================================================================================+
|                                                                                                   |
|           [4]tester 4                                                                             |
|                                                                                                   |
|                                                                                                   |
|                                                                                                   |
|                                                                                                   |
|                                                                                                   |
|                                                                                                   |
+===================================================================================================+
+===================================================================================================+
|                                |                                |                                 |
|                                |                                |                                 |
|           [5]tester 5          |                                |                                 |
|                                |                                |                                 |
|                                |                                |                                 |
|                                |                                |                                 |
|                                |                                |                                 |
|                                |                                |                                 |
+===================================================================================================+
+===================================================================================================+
|                                                                                                   |
|                                                                                                   |
|                                                                                                   |
|                               Select a column to place your piece                                 |
|                                                                                                   |
|                                                                                                   |
|                                                                                                   |
|                                                                                                   |
+===================================================================================================+
+===================================================================================================+
|                                                                                                   |
|                                                                                                   |
|                                                                                                   |
|                                   Enter coordinates (e.g. A1)                                     |
|                                                                                                   |
|                                                                                                   |
|                                                                                                   |
|                                                                                                   |
+===================================================================================================+
+===================================================================================================+
|                                                                                                   |
|                                                                                                   |
|                   [8]tester 8                                                                     |
|                                                                                                   |
|                                                                                                   |
|                                                                                                   |
|                                                                                                   |
|                                                                                                   |
+===================================================================================================+
+===================================================================================================+
|                                                                                                   |
|                                                                                                   |
|                                                                                                   |
|                                                                                                   |
|                                                                                                   |
|                                                                                                   |
|                                                                                                   |
|                                                                                                   |
+===================================================================================================+



OK (3 tests)


rm -f *.o *.gcda *.gcno 
rm -f *~ *# .#*
rm -f explore
g++ -c -Wall -std=c++11 -g  testExplore.cpp
g++ -c -Wall -std=c++11 -g  ExploreState.cpp
g++ -c -Wall -std=c++11 -g  PuzzleState.cpp
g++ -c -Wall -std=c++11 -g  MainState.cpp
g++ -c -Wall -std=c++11 -g  FightState.cpp
g++ -c -Wall -std=c++11 -g  TradeState.cpp
g++ -c -Wall -std=c++11 -g  ../Character/Player.cpp
g++ -c -Wall -std=c++11 -g  InventoryState.cpp
g++ -Wall -std=c++11 -g  testExplore.o ../Menu/Menu.o ../Menu/MainMenu.o ../Menu/ExploreMenu.o ../Menu/FightMenu.o ../Menu/TradeMenu.o ../Menu/DialogueMenu.o ../Menu/CharacterMenu.o ../Menu/HanoiMenu.o ../Menu/MemoryMenu.o ../Menu/RiddleMenu.o ../Menu/TicTacToeMenu.o ../Menu/ConnectFourMenu.o ../Screen/Screen.o ExploreState.o ../RoomTree/RoomTree.o ../Image/Image.o ../Image/DefaultImg.o ../Image/ImportImg.o ../ImageImporter/ImageImporter.o ../Room/Room.o ../Cutscene/Cutscene.o ../Puzzles/Hanoi.o ../Puzzles/TicTacToe.o PuzzleState.o ../Puzzles/Puzzle.o ../Puzzles/ConnectFour.o ../Puzzles/MemoryMatch.o ../Puzzles/CodeCracker.o MainState.o FightState.o TradeState.o ../Character/Character.o ../Character/Player.o ../Character/Npc.o ../Item/Item.o ../Item/MyConsumables.o ../Item/MyWeapons.o InventoryState.o ../Item/Weapon.o -o explore
rm -f *.o *~ #* .#*
rm -f main
g++ -c -Wall -std=c++11 -g -lcppunit -ldl  main.cpp
g++ -c -Wall -std=c++11 -g -lcppunit -ldl  Room.cpp
g++ -c -Wall -std=c++11 -g -lcppunit -ldl  ../Character/Player.cpp
g++ -Wall -std=c++11 -g -lcppunit -ldl  main.o Room.o ../ImageImporter/ImageImporter.o ../Screen/Screen.o ../Image/Image.o ../Image/ImportImg.o ../Image/DefaultImg.o ../Character/Character.o ../Character/Player.o ../Character/Npc.o ../Item/Item.o ../Item/MyConsumables.o ../Item/MyWeapons.o -o main 
rm -f *.o *~ *# .#*
rm -f main
g++ -c -Wall -std=c++11 -g -lcppunit -ldl  RoomTreeTester.cpp
g++ -c -Wall -std=c++11 -g -lcppunit -ldl  RoomTreeTest.cpp
g++ -c -Wall -std=c++11 -g -lcppunit -ldl  RoomTree.cpp
g++ -Wall -std=c++11 -g -lcppunit -ldl  RoomTreeTester.o RoomTreeTest.o RoomTree.o ../Room/Room.o ../Screen/Screen.o ../Image/Image.o ../Image/ImportImg.o ../Character/Character.o ../Item/Item.o ../Item/MyConsumables.o ../Item/MyWeapons.o -o testHeaders 
.....


OK (5 tests)


rm -f *.o *~ #* .#*
rm -f main
g++ -c -Wall -std=c++11 -g -lcppunit -ldl  main.cpp
g++ -c -Wall -std=c++11 -g -lcppunit -ldl  Image.cpp
g++ -c -Wall -std=c++11 -g -lcppunit -ldl  ImportImg.cpp
g++ -c -Wall -std=c++11 -g -lcppunit -ldl  DefaultImg.cpp
g++ -Wall -std=c++11 -g -lcppunit -ldl  main.o Image.o ImportImg.o DefaultImg.o ../Screen/Screen.o -o main 
rm -f *.o *~ #* .#*
rm -f main
g++ -c -Wall -std=c++11 -g -lcppunit -ldl  main.cpp
g++ -c -Wall -std=c++11 -g -lcppunit -ldl  ImageImporter.cpp
g++ -Wall -std=c++11 -g -lcppunit -ldl  main.o ImageImporter.o ../Image/Image.o ../Image/ImportImg.o ../Screen/Screen.o -o main 
rm -f *.o *~ .#* *# *.gcno *.gcda
rm -f testHeaders
g++ -c -Wall -std=c++11 -g  Puzzle.cpp
g++ -c -Wall -std=c++11 -g  TicTacToe.cpp
g++ -c -Wall -std=c++11 -g  Hanoi.cpp
g++ -c -Wall -std=c++11 -g  ConnectFour.cpp
g++ -c -Wall -std=c++11 -g  CodeCracker.cpp
g++ -c -Wall -std=c++11 -g  PuzzleMain.cpp
g++ -c -Wall -std=c++11 -g  MemoryMatch.cpp
g++ -Wall -std=c++11 -g  Puzzle.o TicTacToe.o Hanoi.o ConnectFour.o CodeCracker.o ../Menu/RiddleMenu.o PuzzleMain.o MemoryMatch.o ../Menu/HanoiMenu.o ../Menu/ConnectFourMenu.o ../Menu/TicTacToeMenu.o ../Menu/MemoryMenu.o ../Screen/Screen.o ../Image/DefaultImg.o ../Image/Image.o ../Menu/Menu.o ../Character/Character.o ../Item/Item.o ../Image/ImportImg.o ../Item/Weapon.o ../Item/MyWeapons.o ../Item/MyConsumables.o -o testHeaders 
1:Hanoi     2:ConnectFour     3:TicTacToe     4:MemoryMatch      5:CodeCracker
rm -f *.o *.gcda *.gcno
rm -f *~ *# .#*
rm -f main
g++ -c -Wall -std=c++11 -g  main.cpp
g++ -c -Wall -std=c++11 -g  Cutscene.cpp
g++ -Wall -std=c++11 -g  main.o Cutscene.o ../ImageImporter/ImageImporter.o ../Screen/Screen.o ../Image/Image.o ../Image/DefaultImg.o ../Image/ImportImg.o ../Room/Room.o ../Character/Character.o ../Item/Item.o ../Item/MyConsumables.o ../Item/MyWeapons.o -o main 
Pulling Git Repository
[master 65e2d0c] Automated Make call to all directories in Kodika. Pre-Pull
 3 files changed, 449 insertions(+), 1 deletion(-)
 create mode 100644 logs/log-20171130.log
Removing doxygen/latex/puzzle_8h.tex
Removing doxygen/latex/puzzleMain_8cpp.tex
Removing doxygen/latex/hanoi_8h.tex
Removing doxygen/latex/hanoi_8cpp.tex
Removing doxygen/html/puzzle_8h_source.html
Removing doxygen/html/puzzle_8h.html
Removing doxygen/html/puzzleMain_8cpp.html
Removing doxygen/html/hanoi_8h_source.html
Removing doxygen/html/hanoi_8h.html
Removing doxygen/html/hanoi_8cpp.html
Removing Puzzles/testHeaders
Removing Puzzles/main
Removing Puzzles/TicTacToe.o
Removing Puzzles/PuzzleMain.o
Removing Puzzles/Puzzle.o
Removing Puzzles/MemoryMatch.o
Removing Puzzles/Hanoi.o
Removing Puzzles/ConnectFour.o
Removing Puzzles/CodeCracker.o
Removing Character/mainTest
Removing Character/.#Character.h
Removing Character/#Character.h#
Merge made by the 'recursive' strategy.
 Character/#Character.h#            | 102 --------
 Character/.#Character.h            |   1 -
 Character/.prereq                  |  93 ++++---
 Character/Character.cpp            |   6 +-
 Character/Character.h              |  12 +-
 Character/Character.o              | Bin 220872 -> 219872 bytes
 Character/CharacterTest.cpp        |  20 +-
 Character/CharacterTest.h          |   5 +-
 Character/CharacterTest.o          | Bin 0 -> 148152 bytes
 Character/Makefile                 |   8 +-
 Character/Npc.o                    | Bin 72120 -> 72136 bytes
 Character/Player.o                 | Bin 168032 -> 168760 bytes
 Character/PlayerTest.o             | Bin 0 -> 93320 bytes
 Character/main                     | Bin 722808 -> 722888 bytes
 Character/main.cpp                 |  12 +
 Character/main.o                   | Bin 183928 -> 184288 bytes
 Character/mainTest                 | Bin 822928 -> 0 bytes
 Character/mainTest.o               | Bin 0 -> 256232 bytes
 Character/testHeaders              | Bin 0 -> 837560 bytes
 GameState/.prereq                  | 266 ++++++++++++-------
 GameState/ExploreState.cpp         | 524 +++++++++++++++++++------------------
 GameState/explore                  | Bin 2919888 -> 2893688 bytes
 GameState/testExplore.o            | Bin 294592 -> 294520 bytes
 Puzzles/CodeCracker.cpp            |  39 ++-
 Puzzles/CodeCracker.o              | Bin 358040 -> 0 bytes
 Puzzles/ConnectFour.o              | Bin 249504 -> 0 bytes
 Puzzles/Hanoi.o                    | Bin 326664 -> 0 bytes
 Puzzles/MemoryMatch.o              | Bin 428672 -> 0 bytes
 Puzzles/Puzzle.o                   | Bin 66312 -> 0 bytes
 Puzzles/PuzzleMain.o               | Bin 109824 -> 0 bytes
 Puzzles/TicTacToe.cpp              |  30 ++-
 Puzzles/TicTacToe.o                | Bin 349104 -> 0 bytes
 Puzzles/main                       | Bin 1585128 -> 0 bytes
 Puzzles/testHeaders                | Bin 1597656 -> 0 bytes
 doxygen/html/hanoi_8cpp.html       | 101 -------
 doxygen/html/hanoi_8h.html         | 112 --------
 doxygen/html/hanoi_8h_source.html  | 149 -----------
 doxygen/html/puzzleMain_8cpp.html  | 126 ---------
 doxygen/html/puzzle_8h.html        | 114 --------
 doxygen/html/puzzle_8h_source.html | 139 ----------
 doxygen/latex/hanoi_8cpp.tex       |   4 -
 doxygen/latex/hanoi_8h.tex         |   9 -
 doxygen/latex/puzzleMain_8cpp.tex  |  20 --
 doxygen/latex/puzzle_8h.tex        |  12 -
 44 files changed, 593 insertions(+), 1311 deletions(-)
 delete mode 100644 Character/#Character.h#
 delete mode 120000 Character/.#Character.h
 create mode 100644 Character/CharacterTest.o
 create mode 100644 Character/PlayerTest.o
 delete mode 100755 Character/mainTest
 create mode 100644 Character/mainTest.o
 create mode 100755 Character/testHeaders
 delete mode 100644 Puzzles/CodeCracker.o
 delete mode 100644 Puzzles/ConnectFour.o
 delete mode 100644 Puzzles/Hanoi.o
 delete mode 100644 Puzzles/MemoryMatch.o
 delete mode 100644 Puzzles/Puzzle.o
 delete mode 100644 Puzzles/PuzzleMain.o
 delete mode 100644 Puzzles/TicTacToe.o
 delete mode 100755 Puzzles/main
 delete mode 100755 Puzzles/testHeaders
 delete mode 100644 doxygen/html/hanoi_8cpp.html
 delete mode 100644 doxygen/html/hanoi_8h.html
 delete mode 100644 doxygen/html/hanoi_8h_source.html
 delete mode 100644 doxygen/html/puzzleMain_8cpp.html
 delete mode 100644 doxygen/html/puzzle_8h.html
 delete mode 100644 doxygen/html/puzzle_8h_source.html
 delete mode 100644 doxygen/latex/hanoi_8cpp.tex
 delete mode 100644 doxygen/latex/hanoi_8h.tex
 delete mode 100644 doxygen/latex/puzzleMain_8cpp.tex
 delete mode 100644 doxygen/latex/puzzle_8h.tex
[master a9b1b22] Automated Make call to all directories in Kodika. Pre-Push
 1 file changed, 97 insertions(+)
